<?xml version="1.0" encoding="utf-8"?><testsuites name="pytest tests"><testsuite name="pytest" errors="0" failures="0" skipped="0" tests="13" time="4.164" timestamp="2026-08-08T02:37:18.891262+00:00" hostname="agent-env-33809c33-9929-4c4d-b38b-8c53cf836950"><testcase classname="tests.test_iter5_cadence_otp.TestOtpEmail" name="test_email_otp_request_sends" time="1.586" /><testcase classname="tests.test_iter5_cadence_otp.TestAutopilotConfig" name="test_get_config_default" time="0.733" /><testcase classname="tests.test_iter5_cadence_otp.TestAutopilotConfig" name="test_admin_set_cap_6" time="0.103" /><testcase classname="tests.test_iter5_cadence_otp.TestAutopilotConfig" name="test_cap_upper_bound_50" time="0.045" /><testcase classname="tests.test_iter5_cadence_otp.TestAutopilotConfig" name="test_cap_lower_bound_1" time="0.044" /><testcase classname="tests.test_iter5_cadence_otp.TestAutopilotConfig" name="test_owner_set_daily_proposals" time="0.131" /><testcase classname="tests.test_iter5_cadence_otp.TestAutopilotConfig" name="test_daily_proposals_clamped_to_cap" time="0.091" /><testcase classname="tests.test_iter5_cadence_otp.TestAutopilotConfig" name="test_generate_matches_daily_proposals" time="1.764" /><testcase classname="tests.test_iter5_cadence_otp.TestOtpEmail" name="test_email_otp_verify_wrong_code_401" time="1.017" /><testcase classname="tests.test_iter5_cadence_otp.TestOtpPhone" name="test_phone_otp_request_returns_sms_channel" time="0.488" /><testcase classname="tests.test_iter5_cadence_otp.TestOtpUnknown" name="test_unknown_email_returns_404" time="0.105" /><testcase classname="tests.test_iter5_cadence_otp.TestOtpUnknown" name="test_unknown_phone_returns_404" time="0.108" /><testcase classname="tests.test_iter5_cadence_otp.TestOtpPhone" name="test_phone_otp_verify_wrong_code_401" time="0.567" /></testsuite></testsuites>