<?xml version="1.0" encoding="utf-8"?><testsuites name="pytest tests"><testsuite name="pytest" errors="0" failures="0" skipped="0" tests="41" time="19.342" timestamp="2026-08-08T02:07:30.153606+00:00" hostname="agent-env-33809c33-9929-4c4d-b38b-8c53cf836950"><testcase classname="tests.backend_test.TestAuth" name="test_root" time="0.254" /><testcase classname="tests.backend_test.TestAuth" name="test_login_success" time="0.459" /><testcase classname="tests.backend_test.TestConnections" name="test_initial_pending_and_no_plaintext" time="0.996" /><testcase classname="tests.backend_test.TestAuth" name="test_login_wrong_password" time="0.278" /><testcase classname="tests.backend_test.TestConnections" name="test_save_partial_and_connected" time="0.698" /><testcase classname="tests.backend_test.TestAuth" name="test_me" time="0.314" /><testcase classname="tests.backend_test.TestAuth" name="test_register_and_logout" time="0.431" /><testcase classname="tests.backend_test.TestConnections" name="test_client_scoped_connection" time="0.380" /><testcase classname="tests.backend_test.TestAuth" name="test_me_unauth" time="0.155" /><testcase classname="tests.backend_test.TestOtpLogin" name="test_otp_admin_screen_flow" time="0.338" /><testcase classname="tests.backend_test.TestLeadSourcing" name="test_scrape_domains" time="2.803" /><testcase classname="tests.backend_test.TestOtpLogin" name="test_otp_unknown_identifier_404" time="0.045" /><testcase classname="tests.backend_test.TestOtpLogin" name="test_register_with_phone_and_otp_by_phone" time="0.617" /><testcase classname="tests.backend_test.TestBusinessProfile" name="test_put_get_profile" time="0.094" /><testcase classname="tests.backend_test.TestBusinessProfile" name="test_extract_profile_owner_ok" time="1.054" /><testcase classname="tests.backend_test.TestBusinessProfile" name="test_extract_profile_forbidden_for_portal" time="0.822" /><testcase classname="tests.backend_test.TestContent" name="test_generate_text" time="2.194" /><testcase classname="tests.backend_test.TestLeadSourcing" name="test_csv_import" time="0.194" /><testcase classname="tests.backend_test.TestLeadSourcing" name="test_csv_empty_rejected" time="0.047" /><testcase classname="tests.backend_test.TestRealEmailSend" name="test_send_to_valid_lead" time="1.069" /><testcase classname="tests.backend_test.TestRealEmailSend" name="test_send_no_email_returns_400" time="0.142" /><testcase classname="tests.backend_test.TestCrmSyncPlaceholder" name="test_hubspot_not_configured" time="0.090" /><testcase classname="tests.backend_test.TestCrmSyncPlaceholder" name="test_unsupported_provider" time="0.045" /><testcase classname="tests.backend_test.TestBudgetPlanner" name="test_generate_plan_seo_led" time="1.701" /><testcase classname="tests.backend_test.TestContent" name="test_generate_image" time="7.130" /><testcase classname="tests.backend_test.TestBudgetPlanner" name="test_list_plans" time="0.051" /><testcase classname="tests.backend_test.TestFlowStatus" name="test_flow_status_shape" time="0.056" /><testcase classname="tests.backend_test.TestFlowStatus" name="test_autopilot_toggle_reflected" time="0.149" /><testcase classname="tests.backend_test.TestStrategy" name="test_generate_and_list" time="3.269" /><testcase classname="tests.backend_test.TestLeads" name="test_crud_and_score" time="1.694" /><testcase classname="tests.backend_test.TestCampaigns" name="test_crud_metrics" time="0.242" /><testcase classname="tests.backend_test.TestSocial" name="test_generate_schedule_publish_delete" time="1.139" /><testcase classname="tests.backend_test.TestAnalyticsAgents" name="test_overview" time="0.049" /><testcase classname="tests.backend_test.TestAnalyticsAgents" name="test_agents" time="0.043" /><testcase classname="tests.backend_test.TestEmailVaultSeeded" name="test_email_provider_connected_with_masked_hints" time="0.043" /><testcase classname="tests.backend_test.TestClientPortal" name="test_portal_user_flow" time="2.455" /><testcase classname="tests.backend_test.TestClients" name="test_client_crud_and_scoping" time="0.805" /><testcase classname="tests.backend_test.TestIntegrationProviders" name="test_providers_list" time="0.047" /><testcase classname="tests.backend_test.TestSecurityIsolation" name="test_portal_user_cannot_touch_other_clients" time="1.942" /><testcase classname="tests.backend_test.TestSocialPublishFallback" name="test_linkedin_simulated_when_no_creds" time="0.233" /><testcase classname="tests.backend_test.TestProposalsApprovals" name="test_generate_list_approve_reject" time="1.304" /></testsuite></testsuites>